OPSC7312poe/app/build/intermediates/manifest_merge_blame_file/debug/processDebugMainManifest/manifest-merger-blame-debug-report.txt
1<?xml version="1.0" encoding="utf-8"?>
2<manifest xmlns:android="http://schemas.android.com/apk/res/android"
3    package="com.example.opsc7312poe"
4    android:versionCode="1"
5    android:versionName="1.0" >
6
7    <uses-sdk
8        android:minSdkVersion="27"
9        android:targetSdkVersion="34" />
10    <!-- Permissions -->
11    <uses-permission android:name="android.permission.INTERNET" />
11-->src\main\AndroidManifest.xml:5:5-67
11-->src\main\AndroidManifest.xml:5:22-64
12    <uses-permission android:name="android.permission.ACCESS_NETWORK_STATE" />
12-->src\main\AndroidManifest.xml:6:5-79
12-->src\main\AndroidManifest.xml:6:22-76
13    <uses-permission android:name="android.permission.WRITE_EXTERNAL_STORAGE" />
13-->src\main\AndroidManifest.xml:7:5-81
13-->src\main\AndroidManifest.xml:7:22-78
14    <uses-permission android:name="android.permission.READ_EXTERNAL_STORAGE" />
14-->src\main\AndroidManifest.xml:8:5-80
14-->src\main\AndroidManifest.xml:8:22-77
15    <uses-permission android:name="android.permission.USE_BIOMETRIC" />
15-->src\main\AndroidManifest.xml:9:5-72
15-->src\main\AndroidManifest.xml:9:22-69
16    <uses-permission android:name="android.permission.USE_FINGERPRINT" />
16-->src\main\AndroidManifest.xml:10:5-74
16-->src\main\AndroidManifest.xml:10:22-71
17    <uses-permission android:name="android.permission.WAKE_LOCK" />
17-->[androidx.work:work-runtime:2.7.1] AndroidManifest.xml:25:5-68
17-->[androidx.work:work-runtime:2.7.1] AndroidManifest.xml:25:22-65
18    <uses-permission android:name="android.permission.RECEIVE_BOOT_COMPLETED" />
18-->[androidx.work:work-runtime:2.7.1] AndroidManifest.xml:27:5-81
18-->[androidx.work:work-runtime:2.7.1] AndroidManifest.xml:27:22-78
19    <uses-permission android:name="android.permission.FOREGROUND_SERVICE" />
19-->[androidx.work:work-runtime:2.7.1] AndroidManifest.xml:28:5-77
19-->[androidx.work:work-runtime:2.7.1] AndroidManifest.xml:28:22-74
20    <uses-permission android:name="android.permission.POST_NOTIFICATIONS" /> <!-- Required by older versions of Google Play services to create IID tokens -->
20-->[com.google.firebase:firebase-messaging:23.1.2] AndroidManifest.xml:25:5-77
20-->[com.google.firebase:firebase-messaging:23.1.2] AndroidManifest.xml:25:22-74
21    <uses-permission android:name="com.google.android.c2dm.permission.RECEIVE" />
21-->[com.google.firebase:firebase-messaging:23.1.2] AndroidManifest.xml:28:5-82
21-->[com.google.firebase:firebase-messaging:23.1.2] AndroidManifest.xml:28:22-79
22
23    <permission
23-->[androidx.core:core:1.13.0] AndroidManifest.xml:22:5-24:47
24        android:name="com.example.opsc7312poe.DYNAMIC_RECEIVER_NOT_EXPORTED_PERMISSION"
24-->[androidx.core:core:1.13.0] AndroidManifest.xml:23:9-81
25        android:protectionLevel="signature" />
25-->[androidx.core:core:1.13.0] AndroidManifest.xml:24:9-44
26
27    <uses-permission android:name="com.example.opsc7312poe.DYNAMIC_RECEIVER_NOT_EXPORTED_PERMISSION" />
27-->[androidx.core:core:1.13.0] AndroidManifest.xml:26:5-97
27-->[androidx.core:core:1.13.0] AndroidManifest.xml:26:22-94
28
29    <application
29-->src\main\AndroidManifest.xml:12:5-87:19
30        android:allowBackup="true"
30-->src\main\AndroidManifest.xml:13:9-35
31        android:appComponentFactory="androidx.core.app.CoreComponentFactory"
31-->[androidx.core:core:1.13.0] AndroidManifest.xml:28:18-86
32        android:dataExtractionRules="@xml/data_extraction_rules"
32-->src\main\AndroidManifest.xml:14:9-65
33        android:debuggable="true"
34        android:extractNativeLibs="false"
35        android:fullBackupContent="@xml/backup_rules"
35-->src\main\AndroidManifest.xml:15:9-54
36        android:icon="@mipmap/ic_launcher"
36-->src\main\AndroidManifest.xml:16:9-43
37        android:label="@string/app_name"
37-->src\main\AndroidManifest.xml:17:9-41
38        android:roundIcon="@mipmap/ic_launcher_round"
38-->src\main\AndroidManifest.xml:18:9-54
39        android:supportsRtl="true"
39-->src\main\AndroidManifest.xml:19:9-35
40        android:testOnly="true"
41        android:theme="@style/Theme.Material3.Light.NoActionBar" >
41-->src\main\AndroidManifest.xml:20:9-65
42        <service
42-->src\main\AndroidManifest.xml:23:9-29:19
43            android:name="com.example.opsc7312poe.MyFirebaseMessagingService"
43-->src\main\AndroidManifest.xml:24:13-55
44            android:exported="false" >
44-->src\main\AndroidManifest.xml:25:13-37
45            <intent-filter>
45-->src\main\AndroidManifest.xml:26:13-28:29
46                <action android:name="com.google.firebase.MESSAGING_EVENT" />
46-->src\main\AndroidManifest.xml:27:17-78
46-->src\main\AndroidManifest.xml:27:25-75
47            </intent-filter>
48        </service>
49
50        <activity
50-->src\main\AndroidManifest.xml:31:9-33:40
51            android:name="com.example.opsc7312poe.SetupBiometricsActivity"
51-->src\main\AndroidManifest.xml:32:13-52
52            android:exported="false" /> <!-- Meta-data for Google Sign-In -->
52-->src\main\AndroidManifest.xml:33:13-37
53        <meta-data
53-->src\main\AndroidManifest.xml:34:9-36:46
54            android:name="com.google.android.gms.games.APP_ID"
54-->src\main\AndroidManifest.xml:35:13-63
55            android:value="@string/app_id" />
55-->src\main\AndroidManifest.xml:36:13-43
56        <meta-data
56-->src\main\AndroidManifest.xml:37:9-39:69
57            android:name="com.google.android.gms.version"
57-->src\main\AndroidManifest.xml:38:13-58
58            android:value="@integer/google_play_services_version" /> <!-- Main Activity -->
58-->src\main\AndroidManifest.xml:39:13-66
59        <activity
59-->src\main\AndroidManifest.xml:40:9-48:20
60            android:name="com.example.opsc7312poe.MainActivity"
60-->src\main\AndroidManifest.xml:41:13-41
61            android:exported="true" >
61-->src\main\AndroidManifest.xml:42:13-36
62            <intent-filter>
62-->src\main\AndroidManifest.xml:43:13-47:29
63                <action android:name="android.intent.action.MAIN" />
63-->src\main\AndroidManifest.xml:44:17-69
63-->src\main\AndroidManifest.xml:44:25-66
64
65                <category android:name="android.intent.category.LAUNCHER" />
65-->src\main\AndroidManifest.xml:46:17-77
65-->src\main\AndroidManifest.xml:46:27-74
66            </intent-filter>
67        </activity> <!-- User Authentication Activities -->
68        <activity
68-->src\main\AndroidManifest.xml:49:9-52:72
69            android:name="com.example.opsc7312poe.Login"
69-->src\main\AndroidManifest.xml:50:13-34
70            android:exported="true"
70-->src\main\AndroidManifest.xml:51:13-36
71            android:theme="@style/Theme.Material3.Light.NoActionBar" />
71-->src\main\AndroidManifest.xml:52:13-69
72        <activity
72-->src\main\AndroidManifest.xml:53:9-55:72
73            android:name="com.example.opsc7312poe.JournalEntriesActivity"
73-->src\main\AndroidManifest.xml:53:19-57
74            android:exported="true"
74-->src\main\AndroidManifest.xml:54:13-36
75            android:theme="@style/Theme.Material3.Light.NoActionBar" />
75-->src\main\AndroidManifest.xml:55:13-69
76        <activity
76-->src\main\AndroidManifest.xml:57:9-60:72
77            android:name="com.example.opsc7312poe.Register"
77-->src\main\AndroidManifest.xml:58:13-37
78            android:exported="true"
78-->src\main\AndroidManifest.xml:59:13-36
79            android:theme="@style/Theme.Material3.Light.NoActionBar" />
79-->src\main\AndroidManifest.xml:60:13-69
80        <activity
80-->src\main\AndroidManifest.xml:61:9-64:72
81            android:name="com.example.opsc7312poe.MoodTrack"
81-->src\main\AndroidManifest.xml:62:13-38
82            android:exported="false"
82-->src\main\AndroidManifest.xml:63:13-37
83            android:theme="@style/Theme.Material3.Light.NoActionBar" />
83-->src\main\AndroidManifest.xml:64:13-69
84        <activity
84-->src\main\AndroidManifest.xml:65:9-68:72
85            android:name="com.example.opsc7312poe.ComposeActivity"
85-->src\main\AndroidManifest.xml:66:13-44
86            android:exported="true"
86-->src\main\AndroidManifest.xml:67:13-36
87            android:theme="@style/Theme.Material3.Light.NoActionBar" />
87-->src\main\AndroidManifest.xml:68:13-69
88        <activity
88-->src\main\AndroidManifest.xml:69:9-72:72
89            android:name="com.example.opsc7312poe.AccountActivity"
89-->src\main\AndroidManifest.xml:70:13-44
90            android:exported="true"
90-->src\main\AndroidManifest.xml:71:13-36
91            android:theme="@style/Theme.Material3.Light.NoActionBar" />
91-->src\main\AndroidManifest.xml:72:13-69
92
93        <!-- Register PrivacyActivity here -->
94        <activity android:name="com.example.opsc7312poe.PrivacyActivity" />
94-->src\main\AndroidManifest.xml:75:9-53
94-->src\main\AndroidManifest.xml:75:19-50
95        <activity android:name="com.example.opsc7312poe.HelpSupportActivity" />
95-->src\main\AndroidManifest.xml:76:9-57
95-->src\main\AndroidManifest.xml:76:19-54
96        <activity android:name="com.example.opsc7312poe.TermsPoliciesActivity" />
96-->src\main\AndroidManifest.xml:77:9-59
96-->src\main\AndroidManifest.xml:77:19-56
97        <activity
97-->src\main\AndroidManifest.xml:79:9-82:72
98            android:name="com.example.opsc7312poe.EditProfileActivity"
98-->src\main\AndroidManifest.xml:80:13-48
99            android:exported="true"
99-->src\main\AndroidManifest.xml:81:13-36
100            android:theme="@style/Theme.Material3.Light.NoActionBar" />
100-->src\main\AndroidManifest.xml:82:13-69
101        <activity
101-->src\main\AndroidManifest.xml:83:9-86:72
102            android:name="com.example.opsc7312poe.AudioActivity"
102-->src\main\AndroidManifest.xml:84:13-42
103            android:exported="false"
103-->src\main\AndroidManifest.xml:85:13-37
104            android:theme="@style/Theme.Material3.Light.NoActionBar" />
104-->src\main\AndroidManifest.xml:86:13-69
105
106        <provider
106-->[androidx.work:work-runtime:2.7.1] AndroidManifest.xml:31:9-39:20
107            android:name="androidx.startup.InitializationProvider"
107-->[androidx.work:work-runtime:2.7.1] AndroidManifest.xml:32:13-67
108            android:authorities="com.example.opsc7312poe.androidx-startup"
108-->[androidx.work:work-runtime:2.7.1] AndroidManifest.xml:33:13-68
109            android:exported="false" >
109-->[androidx.work:work-runtime:2.7.1] AndroidManifest.xml:34:13-37
110            <meta-data
110-->[androidx.work:work-runtime:2.7.1] AndroidManifest.xml:36:13-38:52
111                android:name="androidx.work.WorkManagerInitializer"
111-->[androidx.work:work-runtime:2.7.1] AndroidManifest.xml:37:17-68
112                android:value="androidx.startup" />
112-->[androidx.work:work-runtime:2.7.1] AndroidManifest.xml:38:17-49
113            <meta-data
113-->[androidx.emoji2:emoji2:1.3.0] AndroidManifest.xml:29:13-31:52
114                android:name="androidx.emoji2.text.EmojiCompatInitializer"
114-->[androidx.emoji2:emoji2:1.3.0] AndroidManifest.xml:30:17-75
115                android:value="androidx.startup" />
115-->[androidx.emoji2:emoji2:1.3.0] AndroidManifest.xml:31:17-49
116            <meta-data
116-->[androidx.lifecycle:lifecycle-process:2.6.2] AndroidManifest.xml:29:13-31:52
117                android:name="androidx.lifecycle.ProcessLifecycleInitializer"
117-->[androidx.lifecycle:lifecycle-process:2.6.2] AndroidManifest.xml:30:17-78
118                android:value="androidx.startup" />
118-->[androidx.lifecycle:lifecycle-process:2.6.2] AndroidManifest.xml:31:17-49
119            <meta-data
119-->[androidx.profileinstaller:profileinstaller:1.4.0] AndroidManifest.xml:29:13-31:52
120                android:name="androidx.profileinstaller.ProfileInstallerInitializer"
120-->[androidx.profileinstaller:profileinstaller:1.4.0] AndroidManifest.xml:30:17-85
121                android:value="androidx.startup" />
121-->[androidx.profileinstaller:profileinstaller:1.4.0] AndroidManifest.xml:31:17-49
122        </provider>
123
124        <service
124-->[androidx.work:work-runtime:2.7.1] AndroidManifest.xml:41:9-46:35
125            android:name="androidx.work.impl.background.systemalarm.SystemAlarmService"
125-->[androidx.work:work-runtime:2.7.1] AndroidManifest.xml:42:13-88
126            android:directBootAware="false"
126-->[androidx.work:work-runtime:2.7.1] AndroidManifest.xml:43:13-44
127            android:enabled="@bool/enable_system_alarm_service_default"
127-->[androidx.work:work-runtime:2.7.1] AndroidManifest.xml:44:13-72
128            android:exported="false" />
128-->[androidx.work:work-runtime:2.7.1] AndroidManifest.xml:45:13-37
129        <service
129-->[androidx.work:work-runtime:2.7.1] AndroidManifest.xml:47:9-53:35
130            android:name="androidx.work.impl.background.systemjob.SystemJobService"
130-->[androidx.work:work-runtime:2.7.1] AndroidManifest.xml:48:13-84
131            android:directBootAware="false"
131-->[androidx.work:work-runtime:2.7.1] AndroidManifest.xml:49:13-44
132            android:enabled="@bool/enable_system_job_service_default"
132-->[androidx.work:work-runtime:2.7.1] AndroidManifest.xml:50:13-70
133            android:exported="true"
133-->[androidx.work:work-runtime:2.7.1] AndroidManifest.xml:51:13-36
134            android:permission="android.permission.BIND_JOB_SERVICE" />
134-->[androidx.work:work-runtime:2.7.1] AndroidManifest.xml:52:13-69
135        <service
135-->[androidx.work:work-runtime:2.7.1] AndroidManifest.xml:54:9-59:35
136            android:name="androidx.work.impl.foreground.SystemForegroundService"
136-->[androidx.work:work-runtime:2.7.1] AndroidManifest.xml:55:13-81
137            android:directBootAware="false"
137-->[androidx.work:work-runtime:2.7.1] AndroidManifest.xml:56:13-44
138            android:enabled="@bool/enable_system_foreground_service_default"
138-->[androidx.work:work-runtime:2.7.1] AndroidManifest.xml:57:13-77
139            android:exported="false" />
139-->[androidx.work:work-runtime:2.7.1] AndroidManifest.xml:58:13-37
140
141        <receiver
141-->[androidx.work:work-runtime:2.7.1] AndroidManifest.xml:61:9-66:35
142            android:name="androidx.work.impl.utils.ForceStopRunnable$BroadcastReceiver"
142-->[androidx.work:work-runtime:2.7.1] AndroidManifest.xml:62:13-88
143            android:directBootAware="false"
143-->[androidx.work:work-runtime:2.7.1] AndroidManifest.xml:63:13-44
144            android:enabled="true"
144-->[androidx.work:work-runtime:2.7.1] AndroidManifest.xml:64:13-35
145            android:exported="false" />
145-->[androidx.work:work-runtime:2.7.1] AndroidManifest.xml:65:13-37
146        <receiver
146-->[androidx.work:work-runtime:2.7.1] AndroidManifest.xml:67:9-77:20
147            android:name="androidx.work.impl.background.systemalarm.ConstraintProxy$BatteryChargingProxy"
147-->[androidx.work:work-runtime:2.7.1] AndroidManifest.xml:68:13-106
148            android:directBootAware="false"
148-->[androidx.work:work-runtime:2.7.1] AndroidManifest.xml:69:13-44
149            android:enabled="false"
149-->[androidx.work:work-runtime:2.7.1] AndroidManifest.xml:70:13-36
150            android:exported="false" >
150-->[androidx.work:work-runtime:2.7.1] AndroidManifest.xml:71:13-37
151            <intent-filter>
151-->[androidx.work:work-runtime:2.7.1] AndroidManifest.xml:73:13-76:29
152                <action android:name="android.intent.action.ACTION_POWER_CONNECTED" />
152-->[androidx.work:work-runtime:2.7.1] AndroidManifest.xml:74:17-87
152-->[androidx.work:work-runtime:2.7.1] AndroidManifest.xml:74:25-84
153                <action android:name="android.intent.action.ACTION_POWER_DISCONNECTED" />
153-->[androidx.work:work-runtime:2.7.1] AndroidManifest.xml:75:17-90
153-->[androidx.work:work-runtime:2.7.1] AndroidManifest.xml:75:25-87
154            </intent-filter>
155        </receiver>
156        <receiver
156-->[androidx.work:work-runtime:2.7.1] AndroidManifest.xml:78:9-88:20
157            android:name="androidx.work.impl.background.systemalarm.ConstraintProxy$BatteryNotLowProxy"
157-->[androidx.work:work-runtime:2.7.1] AndroidManifest.xml:79:13-104
158            android:directBootAware="false"
158-->[androidx.work:work-runtime:2.7.1] AndroidManifest.xml:80:13-44
159            android:enabled="false"
159-->[androidx.work:work-runtime:2.7.1] AndroidManifest.xml:81:13-36
160            android:exported="false" >
160-->[androidx.work:work-runtime:2.7.1] AndroidManifest.xml:82:13-37
161            <intent-filter>
161-->[androidx.work:work-runtime:2.7.1] AndroidManifest.xml:84:13-87:29
162                <action android:name="android.intent.action.BATTERY_OKAY" />
162-->[androidx.work:work-runtime:2.7.1] AndroidManifest.xml:85:17-77
162-->[androidx.work:work-runtime:2.7.1] AndroidManifest.xml:85:25-74
163                <action android:name="android.intent.action.BATTERY_LOW" />
163-->[androidx.work:work-runtime:2.7.1] AndroidManifest.xml:86:17-76
163-->[androidx.work:work-runtime:2.7.1] AndroidManifest.xml:86:25-73
164            </intent-filter>
165        </receiver>
166        <receiver
166-->[androidx.work:work-runtime:2.7.1] AndroidManifest.xml:89:9-99:20
167            android:name="androidx.work.impl.background.systemalarm.ConstraintProxy$StorageNotLowProxy"
167-->[androidx.work:work-runtime:2.7.1] AndroidManifest.xml:90:13-104
168            android:directBootAware="false"
168-->[androidx.work:work-runtime:2.7.1] AndroidManifest.xml:91:13-44
169            android:enabled="false"
169-->[androidx.work:work-runtime:2.7.1] AndroidManifest.xml:92:13-36
170            android:exported="false" >
170-->[androidx.work:work-runtime:2.7.1] AndroidManifest.xml:93:13-37
171            <intent-filter>
171-->[androidx.work:work-runtime:2.7.1] AndroidManifest.xml:95:13-98:29
172                <action android:name="android.intent.action.DEVICE_STORAGE_LOW" />
172-->[androidx.work:work-runtime:2.7.1] AndroidManifest.xml:96:17-83
172-->[androidx.work:work-runtime:2.7.1] AndroidManifest.xml:96:25-80
173                <action android:name="android.intent.action.DEVICE_STORAGE_OK" />
173-->[androidx.work:work-runtime:2.7.1] AndroidManifest.xml:97:17-82
173-->[androidx.work:work-runtime:2.7.1] AndroidManifest.xml:97:25-79
174            </intent-filter>
175        </receiver>
176        <receiver
176-->[androidx.work:work-runtime:2.7.1] AndroidManifest.xml:100:9-109:20
177            android:name="androidx.work.impl.background.systemalarm.ConstraintProxy$NetworkStateProxy"
177-->[androidx.work:work-runtime:2.7.1] AndroidManifest.xml:101:13-103
178            android:directBootAware="false"
178-->[androidx.work:work-runtime:2.7.1] AndroidManifest.xml:102:13-44
179            android:enabled="false"
179-->[androidx.work:work-runtime:2.7.1] AndroidManifest.xml:103:13-36
180            android:exported="false" >
180-->[androidx.work:work-runtime:2.7.1] AndroidManifest.xml:104:13-37
181            <intent-filter>
181-->[androidx.work:work-runtime:2.7.1] AndroidManifest.xml:106:13-108:29
182                <action android:name="android.net.conn.CONNECTIVITY_CHANGE" />
182-->[androidx.work:work-runtime:2.7.1] AndroidManifest.xml:107:17-79
182-->[androidx.work:work-runtime:2.7.1] AndroidManifest.xml:107:25-76
183            </intent-filter>
184        </receiver>
185        <receiver
185-->[androidx.work:work-runtime:2.7.1] AndroidManifest.xml:110:9-121:20
186            android:name="androidx.work.impl.background.systemalarm.RescheduleReceiver"
186-->[androidx.work:work-runtime:2.7.1] AndroidManifest.xml:111:13-88
187            android:directBootAware="false"
187-->[androidx.work:work-runtime:2.7.1] AndroidManifest.xml:112:13-44
188            android:enabled="false"
188-->[androidx.work:work-runtime:2.7.1] AndroidManifest.xml:113:13-36
189            android:exported="false" >
189-->[androidx.work:work-runtime:2.7.1] AndroidManifest.xml:114:13-37
190            <intent-filter>
190-->[androidx.work:work-runtime:2.7.1] AndroidManifest.xml:116:13-120:29
191                <action android:name="android.intent.action.BOOT_COMPLETED" />
191-->[androidx.work:work-runtime:2.7.1] AndroidManifest.xml:117:17-79
191-->[androidx.work:work-runtime:2.7.1] AndroidManifest.xml:117:25-76
192                <action android:name="android.intent.action.TIME_SET" />
192-->[androidx.work:work-runtime:2.7.1] AndroidManifest.xml:118:17-73
192-->[androidx.work:work-runtime:2.7.1] AndroidManifest.xml:118:25-70
193                <action android:name="android.intent.action.TIMEZONE_CHANGED" />
193-->[androidx.work:work-runtime:2.7.1] AndroidManifest.xml:119:17-81
193-->[androidx.work:work-runtime:2.7.1] AndroidManifest.xml:119:25-78
194            </intent-filter>
195        </receiver>
196        <receiver
196-->[androidx.work:work-runtime:2.7.1] AndroidManifest.xml:122:9-131:20
197            android:name="androidx.work.impl.background.systemalarm.ConstraintProxyUpdateReceiver"
197-->[androidx.work:work-runtime:2.7.1] AndroidManifest.xml:123:13-99
198            android:directBootAware="false"
198-->[androidx.work:work-runtime:2.7.1] AndroidManifest.xml:124:13-44
199            android:enabled="@bool/enable_system_alarm_service_default"
199-->[androidx.work:work-runtime:2.7.1] AndroidManifest.xml:125:13-72
200            android:exported="false" >
200-->[androidx.work:work-runtime:2.7.1] AndroidManifest.xml:126:13-37
201            <intent-filter>
201-->[androidx.work:work-runtime:2.7.1] AndroidManifest.xml:128:13-130:29
202                <action android:name="androidx.work.impl.background.systemalarm.UpdateProxies" />
202-->[androidx.work:work-runtime:2.7.1] AndroidManifest.xml:129:17-98
202-->[androidx.work:work-runtime:2.7.1] AndroidManifest.xml:129:25-95
203            </intent-filter>
204        </receiver>
205        <receiver
205-->[androidx.work:work-runtime:2.7.1] AndroidManifest.xml:132:9-142:20
206            android:name="androidx.work.impl.diagnostics.DiagnosticsReceiver"
206-->[androidx.work:work-runtime:2.7.1] AndroidManifest.xml:133:13-78
207            android:directBootAware="false"
207-->[androidx.work:work-runtime:2.7.1] AndroidManifest.xml:134:13-44
208            android:enabled="true"
208-->[androidx.work:work-runtime:2.7.1] AndroidManifest.xml:135:13-35
209            android:exported="true"
209-->[androidx.work:work-runtime:2.7.1] AndroidManifest.xml:136:13-36
210            android:permission="android.permission.DUMP" >
210-->[androidx.work:work-runtime:2.7.1] AndroidManifest.xml:137:13-57
211            <intent-filter>
211-->[androidx.work:work-runtime:2.7.1] AndroidManifest.xml:139:13-141:29
212                <action android:name="androidx.work.diagnostics.REQUEST_DIAGNOSTICS" />
212-->[androidx.work:work-runtime:2.7.1] AndroidManifest.xml:140:17-88
212-->[androidx.work:work-runtime:2.7.1] AndroidManifest.xml:140:25-85
213            </intent-filter>
214        </receiver>
215
216        <service
216-->[androidx.room:room-runtime:2.6.1] AndroidManifest.xml:24:9-28:63
217            android:name="androidx.room.MultiInstanceInvalidationService"
217-->[androidx.room:room-runtime:2.6.1] AndroidManifest.xml:25:13-74
218            android:directBootAware="true"
218-->[androidx.room:room-runtime:2.6.1] AndroidManifest.xml:26:13-43
219            android:exported="false" />
219-->[androidx.room:room-runtime:2.6.1] AndroidManifest.xml:27:13-37
220
221        <activity
221-->[com.google.firebase:firebase-auth:22.0.0] AndroidManifest.xml:29:9-46:20
222            android:name="com.google.firebase.auth.internal.GenericIdpActivity"
222-->[com.google.firebase:firebase-auth:22.0.0] AndroidManifest.xml:30:13-80
223            android:excludeFromRecents="true"
223-->[com.google.firebase:firebase-auth:22.0.0] AndroidManifest.xml:31:13-46
224            android:exported="true"
224-->[com.google.firebase:firebase-auth:22.0.0] AndroidManifest.xml:32:13-36
225            android:launchMode="singleTask"
225-->[com.google.firebase:firebase-auth:22.0.0] AndroidManifest.xml:33:13-44
226            android:theme="@android:style/Theme.Translucent.NoTitleBar" >
226-->[com.google.firebase:firebase-auth:22.0.0] AndroidManifest.xml:34:13-72
227            <intent-filter>
227-->[com.google.firebase:firebase-auth:22.0.0] AndroidManifest.xml:35:13-45:29
228                <action android:name="android.intent.action.VIEW" />
228-->[com.google.firebase:firebase-auth:22.0.0] AndroidManifest.xml:36:17-69
228-->[com.google.firebase:firebase-auth:22.0.0] AndroidManifest.xml:36:25-66
229
230                <category android:name="android.intent.category.DEFAULT" />
230-->[com.google.firebase:firebase-auth:22.0.0] AndroidManifest.xml:38:17-76
230-->[com.google.firebase:firebase-auth:22.0.0] AndroidManifest.xml:38:27-73
231                <category android:name="android.intent.category.BROWSABLE" />
231-->[com.google.firebase:firebase-auth:22.0.0] AndroidManifest.xml:39:17-78
231-->[com.google.firebase:firebase-auth:22.0.0] AndroidManifest.xml:39:27-75
232
233                <data
233-->[com.google.firebase:firebase-auth:22.0.0] AndroidManifest.xml:41:17-44:51
234                    android:host="firebase.auth"
234-->[com.google.firebase:firebase-auth:22.0.0] AndroidManifest.xml:42:21-49
235                    android:path="/"
235-->[com.google.firebase:firebase-auth:22.0.0] AndroidManifest.xml:43:21-37
236                    android:scheme="genericidp" />
236-->[com.google.firebase:firebase-auth:22.0.0] AndroidManifest.xml:44:21-48
237            </intent-filter>
238        </activity>
239        <activity
239-->[com.google.firebase:firebase-auth:22.0.0] AndroidManifest.xml:47:9-64:20
240            android:name="com.google.firebase.auth.internal.RecaptchaActivity"
240-->[com.google.firebase:firebase-auth:22.0.0] AndroidManifest.xml:48:13-79
241            android:excludeFromRecents="true"
241-->[com.google.firebase:firebase-auth:22.0.0] AndroidManifest.xml:49:13-46
242            android:exported="true"
242-->[com.google.firebase:firebase-auth:22.0.0] AndroidManifest.xml:50:13-36
243            android:launchMode="singleTask"
243-->[com.google.firebase:firebase-auth:22.0.0] AndroidManifest.xml:51:13-44
244            android:theme="@android:style/Theme.Translucent.NoTitleBar" >
244-->[com.google.firebase:firebase-auth:22.0.0] AndroidManifest.xml:52:13-72
245            <intent-filter>
245-->[com.google.firebase:firebase-auth:22.0.0] AndroidManifest.xml:53:13-63:29
246                <action android:name="android.intent.action.VIEW" />
246-->[com.google.firebase:firebase-auth:22.0.0] AndroidManifest.xml:36:17-69
246-->[com.google.firebase:firebase-auth:22.0.0] AndroidManifest.xml:36:25-66
247
248                <category android:name="android.intent.category.DEFAULT" />
248-->[com.google.firebase:firebase-auth:22.0.0] AndroidManifest.xml:38:17-76
248-->[com.google.firebase:firebase-auth:22.0.0] AndroidManifest.xml:38:27-73
249                <category android:name="android.intent.category.BROWSABLE" />
249-->[com.google.firebase:firebase-auth:22.0.0] AndroidManifest.xml:39:17-78
249-->[com.google.firebase:firebase-auth:22.0.0] AndroidManifest.xml:39:27-75
250
251                <data
251-->[com.google.firebase:firebase-auth:22.0.0] AndroidManifest.xml:41:17-44:51
252                    android:host="firebase.auth"
252-->[com.google.firebase:firebase-auth:22.0.0] AndroidManifest.xml:42:21-49
253                    android:path="/"
253-->[com.google.firebase:firebase-auth:22.0.0] AndroidManifest.xml:43:21-37
254                    android:scheme="recaptcha" />
254-->[com.google.firebase:firebase-auth:22.0.0] AndroidManifest.xml:44:21-48
255            </intent-filter>
256        </activity>
257
258        <service
258-->[com.google.firebase:firebase-auth:22.0.0] AndroidManifest.xml:66:9-72:19
259            android:name="com.google.firebase.components.ComponentDiscoveryService"
259-->[com.google.firebase:firebase-auth:22.0.0] AndroidManifest.xml:67:13-84
260            android:directBootAware="true"
260-->[com.google.firebase:firebase-common:20.3.3] AndroidManifest.xml:34:13-43
261            android:exported="false" >
261-->[com.google.firebase:firebase-auth:22.0.0] AndroidManifest.xml:68:13-37
262            <meta-data
262-->[com.google.firebase:firebase-auth:22.0.0] AndroidManifest.xml:69:13-71:85
263                android:name="com.google.firebase.components:com.google.firebase.auth.FirebaseAuthRegistrar"
263-->[com.google.firebase:firebase-auth:22.0.0] AndroidManifest.xml:70:17-109
264                android:value="com.google.firebase.components.ComponentRegistrar" />
264-->[com.google.firebase:firebase-auth:22.0.0] AndroidManifest.xml:71:17-82
265            <meta-data
265-->[com.google.firebase:firebase-firestore-ktx:24.6.1] AndroidManifest.xml:14:13-16:85
266                android:name="com.google.firebase.components:com.google.firebase.firestore.ktx.FirebaseFirestoreKtxRegistrar"
266-->[com.google.firebase:firebase-firestore-ktx:24.6.1] AndroidManifest.xml:15:17-126
267                android:value="com.google.firebase.components.ComponentRegistrar" />
267-->[com.google.firebase:firebase-firestore-ktx:24.6.1] AndroidManifest.xml:16:17-82
268            <meta-data
268-->[com.google.firebase:firebase-messaging-ktx:23.1.2] AndroidManifest.xml:28:13-30:85
269                android:name="com.google.firebase.components:com.google.firebase.messaging.ktx.FirebaseMessagingKtxRegistrar"
269-->[com.google.firebase:firebase-messaging-ktx:23.1.2] AndroidManifest.xml:29:17-126
270                android:value="com.google.firebase.components.ComponentRegistrar" />
270-->[com.google.firebase:firebase-messaging-ktx:23.1.2] AndroidManifest.xml:30:17-82
271            <meta-data
271-->[com.google.firebase:firebase-common-ktx:20.3.3] AndroidManifest.xml:14:13-16:85
272                android:name="com.google.firebase.components:com.google.firebase.ktx.FirebaseCommonKtxRegistrar"
272-->[com.google.firebase:firebase-common-ktx:20.3.3] AndroidManifest.xml:15:17-113